<?xml version="1.0" encoding="UTF-8"?>
<testsuite name="agh.ii.prinjava.proj1.impl.DLinkListTest" tests="1" skipped="0" failures="0" errors="0" timestamp="2022-10-08T20:27:11" hostname="LAPTOP-7K6JR2KO" time="0.017">
  <properties/>
  <testcase name="removeLast()" classname="agh.ii.prinjava.proj1.impl.DLinkListTest" time="0.017"/>
  <system-out><![CDATA[]]></system-out>
  <system-err><![CDATA[]]></system-err>
</testsuite>
